<?xml version="1.0" encoding="UTF-8"?>
<robot generator="Robot 4.1.3 (Python 3.10.14 on linux)" generated="20260422 10:51:24.138" rpa="false" schemaversion="2">
<suite id="s1" name="Selenium Example" source="/home/zhenhtan/workspace/l1low/leaningProgram/robot_demo/selenium_example.robot">
<kw name="Open Test Browser" type="SETUP">
<kw name="Evaluate" library="BuiltIn">
<var>${chrome_options}</var>
<arg>sys.modules['selenium.webdriver'].ChromeOptions()</arg>
<arg>sys, selenium.webdriver</arg>
<doc>Evaluates the given expression in Python and returns the result.</doc>
<msg timestamp="20260422 10:51:24.362" level="INFO">${chrome_options} = &lt;selenium.webdriver.chrome.options.Options object at 0x7ff9aba48c40&gt;</msg>
<status status="PASS" starttime="20260422 10:51:24.360" endtime="20260422 10:51:24.362"/>
</kw>
<kw name="Call Method" library="BuiltIn">
<arg>${chrome_options}</arg>
<arg>add_argument</arg>
<arg>--headless</arg>
<doc>Calls the named method of the given object with the provided arguments.</doc>
<status status="PASS" starttime="20260422 10:51:24.362" endtime="20260422 10:51:24.362"/>
</kw>
<kw name="Call Method" library="BuiltIn">
<arg>${chrome_options}</arg>
<arg>add_argument</arg>
<arg>--no-sandbox</arg>
<doc>Calls the named method of the given object with the provided arguments.</doc>
<status status="PASS" starttime="20260422 10:51:24.362" endtime="20260422 10:51:24.362"/>
</kw>
<kw name="Call Method" library="BuiltIn">
<arg>${chrome_options}</arg>
<arg>add_argument</arg>
<arg>--disable-dev-shm-usage</arg>
<doc>Calls the named method of the given object with the provided arguments.</doc>
<status status="PASS" starttime="20260422 10:51:24.362" endtime="20260422 10:51:24.363"/>
</kw>
<kw name="Open Browser" library="SeleniumLibrary">
<arg>${URL}</arg>
<arg>${BROWSER}</arg>
<arg>options=${chrome_options}</arg>
<doc>Opens a new browser instance to the optional ``url``.</doc>
<msg timestamp="20260422 10:51:24.363" level="INFO">Opening browser 'chrome' to base url 'https://example.com'.</msg>
<status status="PASS" starttime="20260422 10:51:24.363" endtime="20260422 10:51:24.624"/>
</kw>
<kw name="Set Selenium Timeout" library="SeleniumLibrary">
<arg>10 seconds</arg>
<doc>Sets the timeout that is used by various keywords.</doc>
<status status="PASS" starttime="20260422 10:51:24.624" endtime="20260422 10:51:24.626"/>
</kw>
<kw name="Set Selenium Speed" library="SeleniumLibrary">
<arg>0 seconds</arg>
<doc>Sets the delay that is waited after each Selenium command.</doc>
<status status="PASS" starttime="20260422 10:51:24.626" endtime="20260422 10:51:24.626"/>
</kw>
<status status="PASS" starttime="20260422 10:51:24.360" endtime="20260422 10:51:24.627"/>
</kw>
<test id="s1-t1" name="页面标题应为 Example Domain">
<kw name="Title Should Be" library="SeleniumLibrary">
<arg>Example Domain</arg>
<doc>Verifies that the current page title equals ``title``.</doc>
<msg timestamp="20260422 10:51:24.634" level="INFO">Page title is 'Example Domain'.</msg>
<status status="PASS" starttime="20260422 10:51:24.628" endtime="20260422 10:51:24.634"/>
</kw>
<kw name="Page Should Contain" library="SeleniumLibrary">
<arg>This domain is for use in documentation examples without needing permission. Avoid use in operations.</arg>
<doc>Verifies that current page contains ``text``.</doc>
<msg timestamp="20260422 10:51:24.648" level="INFO">Current page contains text 'This domain is for use in documentation examples without needing permission. Avoid use in operations.'.</msg>
<status status="PASS" starttime="20260422 10:51:24.634" endtime="20260422 10:51:24.649"/>
</kw>
<status status="PASS" starttime="20260422 10:51:24.627" endtime="20260422 10:51:24.649"/>
</test>
<kw name="Close Browser" library="SeleniumLibrary" type="TEARDOWN">
<doc>Closes the current browser.</doc>
<status status="PASS" starttime="20260422 10:51:24.650" endtime="20260422 10:51:24.707"/>
</kw>
<doc>最小 Selenium Robot 用例：打开页面并校验标题</doc>
<status status="PASS" starttime="20260422 10:51:24.139" endtime="20260422 10:51:24.708"/>
</suite>
<statistics>
<total>
<stat pass="1" fail="0" skip="0">All Tests</stat>
</total>
<tag>
</tag>
<suite>
<stat pass="1" fail="0" skip="0" id="s1" name="Selenium Example">Selenium Example</stat>
</suite>
</statistics>
<errors>
</errors>
</robot>
